<?xml version="1.0" encoding="UTF-8"?>
<!-- Generated by org.testng.reporters.JUnitReportReporter -->
<testsuite hostname="DESKTOP-9AAI5P1" failures="0" tests="1" name="appiumAutomation.theScore.OpenLeagueTest" time="36.937" errors="0" timestamp="2023-12-03T21:46:24 MST" skipped="0">
  <testcase classname="appiumAutomation.theScore.OpenLeagueTest" name="leagueTest" time="36.937"/>
  <system-out/>
</testsuite> <!-- appiumAutomation.theScore.OpenLeagueTest -->
