<?xml version="1.0" encoding="UTF-8"?>
<!-- Generated by org.testng.reporters.JUnitReportReporter -->
<testsuite hostname="DESKTOP-9AAI5P1" failures="0" tests="1" name="appiumAutomation.theScore.OpenLeague" time="28.776" errors="0" timestamp="2023-12-03T20:27:06 MST" skipped="0">
  <testcase classname="appiumAutomation.theScore.OpenLeague" name="league" time="28.776"/>
  <system-out/>
</testsuite> <!-- appiumAutomation.theScore.OpenLeague -->
